yibairun/build/outputs/apk/manifest-merger-debug-report.txt
-- Merging decision tree log ---
manifest
ADDED from AndroidManifest.xml:2:1
	package
		ADDED from AndroidManifest.xml:3:5
	android:versionName
		ADDED from AndroidManifest.xml:5:5
	android:versionCode
		ADDED from AndroidManifest.xml:4:5
		INJECTED from AndroidManifest.xml:0:0
		INJECTED from AndroidManifest.xml:0:0
	xmlns:android
		ADDED from AndroidManifest.xml:2:11
uses-sdk
ADDED from AndroidManifest.xml:7:5
MERGED from yibairun:volley:unspecified:7:5
MERGED from yibairun:RefreshLibrary:unspecified:7:5
MERGED from yibairun:MPChartLib:unspecified:7:5
MERGED from yibairun:umeng:unspecified:7:5
	android:targetSdkVersion
		ADDED from AndroidManifest.xml:9:9
	android:minSdkVersion
		ADDED from AndroidManifest.xml:8:9
uses-permission#android.permission.INTERNET
ADDED from AndroidManifest.xml:12:5
	android:name
		ADDED from AndroidManifest.xml:12:22
uses-permission#android.permission.RECEIVE_SMS
ADDED from AndroidManifest.xml:13:5
	android:name
		ADDED from AndroidManifest.xml:13:22
uses-permission#android.permission.READ_PHONE_STATE
ADDED from AndroidManifest.xml:15:5
	android:name
		ADDED from AndroidManifest.xml:15:22
uses-permission#android.permission.VIBRATE
ADDED from AndroidManifest.xml:16:5
	android:name
		ADDED from AndroidManifest.xml:16:22
uses-permission#android.permission.BLUETOOTH
ADDED from AndroidManifest.xml:17:5
	android:name
		ADDED from AndroidManifest.xml:17:22
uses-permission#android.permission.ACCESS_WIFI_STATE
ADDED from AndroidManifest.xml:18:5
	android:name
		ADDED from AndroidManifest.xml:18:22
uses-permission#android.permission.ACCESS_NETWORK_STATE
ADDED from AndroidManifest.xml:19:5
	android:name
		ADDED from AndroidManifest.xml:19:22
uses-permission#android.permission.CHANGE_WIFI_STATE
ADDED from AndroidManifest.xml:22:5
	android:name
		ADDED from AndroidManifest.xml:22:22
uses-permission#android.permission.WAKE_LOCK
ADDED from AndroidManifest.xml:23:5
	android:name
		ADDED from AndroidManifest.xml:23:22
uses-permission#android.permission.RECEIVE_BOOT_COMPLETED
ADDED from AndroidManifest.xml:24:5
	android:name
		ADDED from AndroidManifest.xml:24:22
uses-permission#android.permission.WRITE_EXTERNAL_STORAGE
ADDED from AndroidManifest.xml:25:5
	android:name
		ADDED from AndroidManifest.xml:25:22
uses-permission#getui.permission.GetuiService
ADDED from AndroidManifest.xml:26:5
	android:name
		ADDED from AndroidManifest.xml:26:22
uses-permission#android.permission.GET_TASKS
ADDED from AndroidManifest.xml:27:5
	android:name
		ADDED from AndroidManifest.xml:27:22
permission#getui.permission.GetuiService
ADDED from AndroidManifest.xml:30:5
	android:protectionLevel
		ADDED from AndroidManifest.xml:32:9
	android:name
		ADDED from AndroidManifest.xml:31:9
application
ADDED from AndroidManifest.xml:36:5
MERGED from yibairun:volley:unspecified:9:5
MERGED from yibairun:RefreshLibrary:unspecified:9:5
MERGED from yibairun:umeng:unspecified:11:5
	android:label
		ADDED from AndroidManifest.xml:40:9
	android:allowBackup
		ADDED from AndroidManifest.xml:38:9
	android:icon
		ADDED from AndroidManifest.xml:39:9
	android:theme
		ADDED from AndroidManifest.xml:42:9
	android:logo
		ADDED from AndroidManifest.xml:41:9
	android:name
		ADDED from AndroidManifest.xml:37:9
activity#com.yibairun.ui.activity.GuideActivity
ADDED from AndroidManifest.xml:43:9
	android:label
		ADDED from AndroidManifest.xml:45:13
	android:launchMode
		ADDED from AndroidManifest.xml:46:13
	android:name
		ADDED from AndroidManifest.xml:44:13
intent-filter#android.intent.action.MAIN+android.intent.category.LAUNCHER
ADDED from AndroidManifest.xml:47:13
action#android.intent.action.MAIN
ADDED from AndroidManifest.xml:48:17
	android:name
		ADDED from AndroidManifest.xml:48:25
category#android.intent.category.LAUNCHER
ADDED from AndroidManifest.xml:50:17
	android:name
		ADDED from AndroidManifest.xml:50:27
activity#com.yibairun.ui.activity.LoginActivity
ADDED from AndroidManifest.xml:53:9
	android:label
		ADDED from AndroidManifest.xml:56:13
	android:parentActivityName
		ADDED from AndroidManifest.xml:55:13
	android:name
		ADDED from AndroidManifest.xml:54:13
activity#com.yibairun.ui.activity.ProductDetailActivity
ADDED from AndroidManifest.xml:57:9
	android:label
		ADDED from AndroidManifest.xml:60:13
	android:parentActivityName
		ADDED from AndroidManifest.xml:59:13
	android:name
		ADDED from AndroidManifest.xml:58:13
activity#com.yibairun.ui.activity.RegisterActivity
ADDED from AndroidManifest.xml:61:9
	android:label
		ADDED from AndroidManifest.xml:64:13
	android:parentActivityName
		ADDED from AndroidManifest.xml:63:13
	android:name
		ADDED from AndroidManifest.xml:62:13
activity#com.yibairun.ui.activity.AuthCodeActivity
ADDED from AndroidManifest.xml:65:9
	android:label
		ADDED from AndroidManifest.xml:68:13
	android:parentActivityName
		ADDED from AndroidManifest.xml:67:13
	android:name
		ADDED from AndroidManifest.xml:66:13
activity#com.yibairun.ui.activity.MainActivity
ADDED from AndroidManifest.xml:69:9
	android:launchMode
		ADDED from AndroidManifest.xml:70:54
	android:theme
		ADDED from AndroidManifest.xml:71:13
	android:name
		ADDED from AndroidManifest.xml:70:13
activity#com.yibairun.ui.activity.AccountManagerActivity
ADDED from AndroidManifest.xml:72:9
	android:label
		ADDED from AndroidManifest.xml:75:13
	android:parentActivityName
		ADDED from AndroidManifest.xml:74:13
	android:name
		ADDED from AndroidManifest.xml:73:13
activity#com.yibairun.ui.activity.WithDrawActivity
ADDED from AndroidManifest.xml:76:9
	android:label
		ADDED from AndroidManifest.xml:79:13
	android:parentActivityName
		ADDED from AndroidManifest.xml:78:13
	android:name
		ADDED from AndroidManifest.xml:77:13
activity#com.yibairun.ui.activity.SelectBankActivity
ADDED from AndroidManifest.xml:80:9
	android:label
		ADDED from AndroidManifest.xml:83:13
	android:parentActivityName
		ADDED from AndroidManifest.xml:82:13
	android:name
		ADDED from AndroidManifest.xml:81:13
activity#com.yibairun.ui.activity.ModifyTradePasswordActivity
ADDED from AndroidManifest.xml:84:9
	android:label
		ADDED from AndroidManifest.xml:87:13
	android:parentActivityName
		ADDED from AndroidManifest.xml:86:13
	android:name
		ADDED from AndroidManifest.xml:85:13
activity#com.yibairun.ui.activity.MyBanksActivity
ADDED from AndroidManifest.xml:88:9
	android:label
		ADDED from AndroidManifest.xml:91:13
	android:parentActivityName
		ADDED from AndroidManifest.xml:90:13
	android:name
		ADDED from AndroidManifest.xml:89:13
activity#com.yibairun.ui.activity.CertificationActivity
ADDED from AndroidManifest.xml:92:9
	android:label
		ADDED from AndroidManifest.xml:95:13
	android:parentActivityName
		ADDED from AndroidManifest.xml:94:13
	android:name
		ADDED from AndroidManifest.xml:93:13
activity#com.yibairun.ui.activity.RemoveBankActivity
ADDED from AndroidManifest.xml:96:9
	android:label
		ADDED from AndroidManifest.xml:99:13
	android:parentActivityName
		ADDED from AndroidManifest.xml:98:13
	android:name
		ADDED from AndroidManifest.xml:97:13
activity#com.yibairun.ui.activity.MyBanksOptionActivity
ADDED from AndroidManifest.xml:100:9
	android:label
		ADDED from AndroidManifest.xml:103:13
	android:parentActivityName
		ADDED from AndroidManifest.xml:102:13
	android:name
		ADDED from AndroidManifest.xml:101:13
activity#com.yibairun.ui.activity.AddBankPasswordActivity
ADDED from AndroidManifest.xml:104:9
	android:label
		ADDED from AndroidManifest.xml:107:13
	android:parentActivityName
		ADDED from AndroidManifest.xml:106:13
	android:name
		ADDED from AndroidManifest.xml:105:13
activity#com.yibairun.ui.activity.AddBankNNActivity
ADDED from AndroidManifest.xml:108:9
	android:label
		ADDED from AndroidManifest.xml:111:13
	android:parentActivityName
		ADDED from AndroidManifest.xml:110:13
	android:name
		ADDED from AndroidManifest.xml:109:13
activity#com.yibairun.ui.activity.SetTradePasswordActivity
ADDED from AndroidManifest.xml:112:9
	android:label
		ADDED from AndroidManifest.xml:115:13
	android:parentActivityName
		ADDED from AndroidManifest.xml:114:13
	android:name
		ADDED from AndroidManifest.xml:113:13
activity#com.yibairun.ui.activity.AddBankPNActivity
ADDED from AndroidManifest.xml:116:9
	android:label
		ADDED from AndroidManifest.xml:119:13
	android:parentActivityName
		ADDED from AndroidManifest.xml:118:13
	android:name
		ADDED from AndroidManifest.xml:117:13
activity#com.yibairun.ui.activity.SettingHelpActivity
ADDED from AndroidManifest.xml:120:9
	android:label
		ADDED from AndroidManifest.xml:123:13
	android:parentActivityName
		ADDED from AndroidManifest.xml:122:13
	android:name
		ADDED from AndroidManifest.xml:121:13
activity#com.yibairun.ui.activity.SettingPushActivity
ADDED from AndroidManifest.xml:124:9
	android:label
		ADDED from AndroidManifest.xml:127:13
	android:parentActivityName
		ADDED from AndroidManifest.xml:126:13
	android:name
		ADDED from AndroidManifest.xml:125:13
activity#com.yibairun.ui.activity.SettingAboutActivity
ADDED from AndroidManifest.xml:128:9
	android:label
		ADDED from AndroidManifest.xml:131:13
	android:parentActivityName
		ADDED from AndroidManifest.xml:130:13
	android:name
		ADDED from AndroidManifest.xml:129:13
activity#com.yibairun.ui.activity.SettingActivity
ADDED from AndroidManifest.xml:132:9
	android:label
		ADDED from AndroidManifest.xml:135:13
	android:parentActivityName
		ADDED from AndroidManifest.xml:134:13
	android:name
		ADDED from AndroidManifest.xml:133:13
activity#com.yibairun.ui.activity.ApplyBuyActivity
ADDED from AndroidManifest.xml:136:9
	android:label
		ADDED from AndroidManifest.xml:139:13
	android:parentActivityName
		ADDED from AndroidManifest.xml:138:13
	android:name
		ADDED from AndroidManifest.xml:137:13
activity#com.yibairun.ui.activity.BuyEnterActivity
ADDED from AndroidManifest.xml:140:9
	android:label
		ADDED from AndroidManifest.xml:143:13
	android:parentActivityName
		ADDED from AndroidManifest.xml:142:13
	android:name
		ADDED from AndroidManifest.xml:141:13
activity#com.yibairun.ui.activity.BuyResultActivity
ADDED from AndroidManifest.xml:145:9
	android:label
		ADDED from AndroidManifest.xml:148:13
	android:parentActivityName
		ADDED from AndroidManifest.xml:147:13
	android:name
		ADDED from AndroidManifest.xml:146:13
activity#com.yibairun.ui.activity.ProductDetailGraphActivity
ADDED from AndroidManifest.xml:149:9
	android:label
		ADDED from AndroidManifest.xml:152:13
	android:parentActivityName
		ADDED from AndroidManifest.xml:151:13
	android:name
		ADDED from AndroidManifest.xml:150:13
activity#com.yibairun.ui.activity.PersonMsgActivity
ADDED from AndroidManifest.xml:153:9
	android:label
		ADDED from AndroidManifest.xml:156:13
	android:parentActivityName
		ADDED from AndroidManifest.xml:155:13
	android:name
		ADDED from AndroidManifest.xml:154:13
activity#com.yibairun.ui.activity.MessageDetailActivity
ADDED from AndroidManifest.xml:157:9
	android:label
		ADDED from AndroidManifest.xml:160:13
	android:parentActivityName
		ADDED from AndroidManifest.xml:159:13
	android:name
		ADDED from AndroidManifest.xml:158:13
activity#com.yibairun.ui.activity.WebViewActivity
ADDED from AndroidManifest.xml:161:9
	android:parentActivityName
		ADDED from AndroidManifest.xml:163:13
	android:name
		ADDED from AndroidManifest.xml:162:13
activity#com.yibairun.ui.activity.RechargeActivity
ADDED from AndroidManifest.xml:164:9
	android:label
		ADDED from AndroidManifest.xml:167:13
	android:parentActivityName
		ADDED from AndroidManifest.xml:166:13
	android:name
		ADDED from AndroidManifest.xml:165:13
meta-data#android.support.PARENT_ACTIVITY
ADDED from AndroidManifest.xml:168:13
	android:value
		ADDED from AndroidManifest.xml:170:17
	android:name
		ADDED from AndroidManifest.xml:169:17
activity#com.yibairun.wxapi.WXEntryActivity
ADDED from AndroidManifest.xml:172:9
	android:screenOrientation
		ADDED from AndroidManifest.xml:176:13
	android:exported
		ADDED from AndroidManifest.xml:175:13
	android:configChanges
		ADDED from AndroidManifest.xml:174:13
	android:theme
		ADDED from AndroidManifest.xml:177:13
	android:name
		ADDED from AndroidManifest.xml:173:13
activity#com.qmoney.ui.QmoneyCreditCardPayActivity
ADDED from AndroidManifest.xml:187:9
	android:screenOrientation
		ADDED from AndroidManifest.xml:190:13
	android:windowSoftInputMode
		ADDED from AndroidManifest.xml:191:13
	android:configChanges
		ADDED from AndroidManifest.xml:189:13
	android:name
		ADDED from AndroidManifest.xml:188:13
activity#com.qmoney.ui.QmoneyOrderFormActivity
ADDED from AndroidManifest.xml:192:9
	android:screenOrientation
		ADDED from AndroidManifest.xml:194:13
	android:windowSoftInputMode
		ADDED from AndroidManifest.xml:195:13
	android:name
		ADDED from AndroidManifest.xml:193:13
activity#com.qmoney.ui.QmoneyBindPayActivity
ADDED from AndroidManifest.xml:196:9
	android:screenOrientation
		ADDED from AndroidManifest.xml:198:13
	android:windowSoftInputMode
		ADDED from AndroidManifest.xml:199:13
	android:name
		ADDED from AndroidManifest.xml:197:13
activity#com.qmoney.ui.QmoneyBindCardsActivity
ADDED from AndroidManifest.xml:200:9
	android:screenOrientation
		ADDED from AndroidManifest.xml:202:13
	android:windowSoftInputMode
		ADDED from AndroidManifest.xml:203:13
	android:name
		ADDED from AndroidManifest.xml:201:13
activity#com.qmoney.ui.QmoneyChooseCardActivity
ADDED from AndroidManifest.xml:210:9
	android:screenOrientation
		ADDED from AndroidManifest.xml:212:13
	android:windowSoftInputMode
		ADDED from AndroidManifest.xml:213:13
	android:name
		ADDED from AndroidManifest.xml:211:13
activity#com.qmoney.ui.QmoneyPayResultActivity
ADDED from AndroidManifest.xml:220:9
	android:screenOrientation
		ADDED from AndroidManifest.xml:222:13
	android:windowSoftInputMode
		ADDED from AndroidManifest.xml:223:13
	android:name
		ADDED from AndroidManifest.xml:221:13
activity#com.qmoney.ui.QmoneyPayActivity
ADDED from AndroidManifest.xml:224:9
	android:screenOrientation
		ADDED from AndroidManifest.xml:226:13
	android:windowSoftInputMode
		ADDED from AndroidManifest.xml:227:13
	android:name
		ADDED from AndroidManifest.xml:225:13
activity#com.qmoney.ui.QmoneyAgreementActivity
ADDED from AndroidManifest.xml:228:9
	android:screenOrientation
		ADDED from AndroidManifest.xml:230:13
	android:windowSoftInputMode
		ADDED from AndroidManifest.xml:231:13
	android:name
		ADDED from AndroidManifest.xml:229:13
activity#com.qmoney.ui.MemChooseBankActivity
ADDED from AndroidManifest.xml:234:9
	android:screenOrientation
		ADDED from AndroidManifest.xml:236:13
	android:windowSoftInputMode
		ADDED from AndroidManifest.xml:237:13
	android:name
		ADDED from AndroidManifest.xml:235:13
activity#com.tencent.tauth.AuthActivity
ADDED from AndroidManifest.xml:240:9
	android:launchMode
		ADDED from AndroidManifest.xml:242:13
	android:noHistory
		ADDED from AndroidManifest.xml:243:13
	android:name
		ADDED from AndroidManifest.xml:241:13
intent-filter#android.intent.action.VIEW+android.intent.category.BROWSABLE+android.intent.category.DEFAULT
ADDED from AndroidManifest.xml:244:13
action#android.intent.action.VIEW
ADDED from AndroidManifest.xml:245:17
	android:name
		ADDED from AndroidManifest.xml:245:25
category#android.intent.category.DEFAULT
ADDED from AndroidManifest.xml:247:17
	android:name
		ADDED from AndroidManifest.xml:247:27
category#android.intent.category.BROWSABLE
ADDED from AndroidManifest.xml:248:17
	android:name
		ADDED from AndroidManifest.xml:248:27
data
ADDED from AndroidManifest.xml:250:17
	android:scheme
		ADDED from AndroidManifest.xml:250:23
activity#com.tencent.connect.common.AssistActivity
ADDED from AndroidManifest.xml:253:9
	android:screenOrientation
		ADDED from AndroidManifest.xml:255:13
	android:theme
		ADDED from AndroidManifest.xml:256:13
	android:name
		ADDED from AndroidManifest.xml:254:13
meta-data#UMENG_APPKEY
ADDED from AndroidManifest.xml:260:9
	android:value
		ADDED from AndroidManifest.xml:262:13
	android:name
		ADDED from AndroidManifest.xml:261:13
meta-data#UMENG_CHANNEL
ADDED from AndroidManifest.xml:263:9
	android:value
		ADDED from AndroidManifest.xml:265:13
	android:name
		ADDED from AndroidManifest.xml:264:13
service#com.umeng.update.net.DownloadingService
ADDED from AndroidManifest.xml:267:9
	android:process
		ADDED from AndroidManifest.xml:269:13
	android:name
		ADDED from AndroidManifest.xml:268:13
activity#com.umeng.update.UpdateDialogActivity
ADDED from AndroidManifest.xml:272:9
	android:theme
		ADDED from AndroidManifest.xml:274:13
	android:name
		ADDED from AndroidManifest.xml:273:13
activity#com.umeng.socialize.view.ShareActivity
ADDED from AndroidManifest.xml:276:9
	android:theme
		ADDED from AndroidManifest.xml:278:13
	android:name
		ADDED from AndroidManifest.xml:277:13
meta-data#PUSH_APPID
ADDED from AndroidManifest.xml:282:9
	android:value
		ADDED from AndroidManifest.xml:284:13
	android:name
		ADDED from AndroidManifest.xml:283:13
meta-data#PUSH_APPKEY
ADDED from AndroidManifest.xml:285:9
	android:value
		ADDED from AndroidManifest.xml:287:13
	android:name
		ADDED from AndroidManifest.xml:286:13
meta-data#PUSH_APPSECRET
ADDED from AndroidManifest.xml:288:9
	android:value
		ADDED from AndroidManifest.xml:290:13
	android:name
		ADDED from AndroidManifest.xml:289:13
meta-data#PUSH_GROUPID
ADDED from AndroidManifest.xml:291:9
	android:value
		ADDED from AndroidManifest.xml:293:13
	android:name
		ADDED from AndroidManifest.xml:292:13
receiver#com.yibairun.receiver.GeTuiPushReceiver
ADDED from AndroidManifest.xml:296:9
	android:exported
		ADDED from AndroidManifest.xml:298:13
	android:name
		ADDED from AndroidManifest.xml:297:13
intent-filter#com.igexin.sdk.action.32JNuztWWX9DN6BCJu91mA
ADDED from AndroidManifest.xml:299:13
action#com.igexin.sdk.action.32JNuztWWX9DN6BCJu91mA
ADDED from AndroidManifest.xml:300:17
	android:name
		ADDED from AndroidManifest.xml:300:25
service#com.igexin.sdk.PushService
ADDED from AndroidManifest.xml:305:9
	android:process
		ADDED from AndroidManifest.xml:307:13
	android:label
		ADDED from AndroidManifest.xml:309:13
	android:exported
		ADDED from AndroidManifest.xml:308:13
	android:name
		ADDED from AndroidManifest.xml:306:13
receiver#com.igexin.sdk.PushReceiver
ADDED from AndroidManifest.xml:312:9
	android:name
		ADDED from AndroidManifest.xml:312:19
intent-filter#android.intent.action.BOOT_COMPLETED+android.intent.action.USER_PRESENT+android.net.conn.CONNECTIVITY_CHANGE+com.igexin.sdk.action.refreshls
ADDED from AndroidManifest.xml:313:13
action#android.intent.action.BOOT_COMPLETED
ADDED from AndroidManifest.xml:314:17
	android:name
		ADDED from AndroidManifest.xml:314:25
action#android.net.conn.CONNECTIVITY_CHANGE
ADDED from AndroidManifest.xml:315:17
	android:name
		ADDED from AndroidManifest.xml:315:25
action#android.intent.action.USER_PRESENT
ADDED from AndroidManifest.xml:316:17
	android:name
		ADDED from AndroidManifest.xml:316:25
action#com.igexin.sdk.action.refreshls
ADDED from AndroidManifest.xml:317:17
	android:name
		ADDED from AndroidManifest.xml:317:25
receiver#com.igexin.sdk.PushManagerReceiver
ADDED from AndroidManifest.xml:327:9
	android:exported
		ADDED from AndroidManifest.xml:329:13
	android:name
		ADDED from AndroidManifest.xml:328:13
intent-filter#com.igexin.sdk.action.pushmanager
ADDED from AndroidManifest.xml:330:13
action#com.igexin.sdk.action.pushmanager
ADDED from AndroidManifest.xml:331:17
	android:name
		ADDED from AndroidManifest.xml:331:25
activity#com.igexin.sdk.PushActivity
ADDED from AndroidManifest.xml:335:9
	android:process
		ADDED from AndroidManifest.xml:339:13
	android:excludeFromRecents
		ADDED from AndroidManifest.xml:337:13
	android:exported
		ADDED from AndroidManifest.xml:338:13
	android:theme
		ADDED from AndroidManifest.xml:341:13
	android:taskAffinity
		ADDED from AndroidManifest.xml:340:13
	android:name
		ADDED from AndroidManifest.xml:336:13
service#com.igexin.download.DownloadService
ADDED from AndroidManifest.xml:344:9
	android:process
		ADDED from AndroidManifest.xml:344:69
	android:name
		ADDED from AndroidManifest.xml:344:18
receiver#com.igexin.download.DownloadReceiver
ADDED from AndroidManifest.xml:345:9
	android:name
		ADDED from AndroidManifest.xml:345:19
intent-filter#android.net.conn.CONNECTIVITY_CHANGE
ADDED from AndroidManifest.xml:346:13
provider#com.igexin.download.DownloadProvider
ADDED from AndroidManifest.xml:350:9
	android:authorities
		ADDED from AndroidManifest.xml:353:13
	android:process
		ADDED from AndroidManifest.xml:351:13
	android:name
		ADDED from AndroidManifest.xml:352:13
activity#com.igexin.getuiext.activity.GetuiExtActivity
ADDED from AndroidManifest.xml:356:9
	android:process
		ADDED from AndroidManifest.xml:359:13
	android:excludeFromRecents
		ADDED from AndroidManifest.xml:358:13
	android:exported
		ADDED from AndroidManifest.xml:362:13
	android:configChanges
		ADDED from AndroidManifest.xml:357:13
	android:theme
		ADDED from AndroidManifest.xml:361:13
	android:taskAffinity
		ADDED from AndroidManifest.xml:360:13
	android:name
		ADDED from AndroidManifest.xml:356:19
receiver#com.igexin.getuiext.service.PayloadReceiver
ADDED from AndroidManifest.xml:364:9
	android:exported
		ADDED from AndroidManifest.xml:364:78
	android:name
		ADDED from AndroidManifest.xml:364:19
intent-filter#com.igexin.sdk.action.32JNuztWWX9DN6BCJu91mA+com.igexin.sdk.action.7fjUl2Z3LH6xYy7NQK4ni4
ADDED from AndroidManifest.xml:365:13
action#com.igexin.sdk.action.7fjUl2Z3LH6xYy7NQK4ni4
ADDED from AndroidManifest.xml:367:17
	android:name
		ADDED from AndroidManifest.xml:367:25
service#com.igexin.getuiext.service.GetuiExtService
ADDED from AndroidManifest.xml:373:9
	android:process
		ADDED from AndroidManifest.xml:373:77
	android:name
		ADDED from AndroidManifest.xml:373:18